procs -----------memory---------- ---swap-- -----io---- -system-- -------cpu------- -----timestamp-----
 r  b   swpd   free   buff  cache   si   so    bi    bo   in   cs us sy id wa st gu                 UTC
 1  0      0   2835     14   1878    0    0   525  2898    0   23  6  1 91  2  0  0 2025-12-22 10:48:14
 1  0      0   2065     14   1878    0    0   256 85268    0 3718 41 52  7  0  0  0 2025-12-22 10:48:15
 1  0      0   1250     14   1878    0    0     0     0    0 3338 50 41  9  0  0  0 2025-12-22 10:48:16
 1  0      0    598     14   1878    0    0     0     0    0 2989 64 27  9  0  0  0 2025-12-22 10:48:17
 1  0      0    101     14   1844    0    0     0     0    0 3044 62 30  8  0  0  0 2025-12-22 10:48:18
 1  0      0    981     14   1827    0    0     0     0    0 3061 90  1  9  0  0  0 2025-12-22 10:48:19
 1  1      0   1029     14   1827    0    0     0 120864    0 3083 90  3  5  2  0  0 2025-12-22 10:48:20
 1  0      0   1022     14   1827    0    0     0 191340    0 3138 91  5  2  2  0  0 2025-12-22 10:48:21
 1  0      0   1022     14   1827    0    0     0     0    0 3067 90  2  8  0  0  0 2025-12-22 10:48:22
 1  0      0   1022     14   1827    0    0     0     0    0 2999 91  0  9  0  0  0 2025-12-22 10:48:23
 1  0      0   1022     14   1827    0    0     0     0    0 2993 90  1  9  0  0  0 2025-12-22 10:48:24
 1  0      0   1022     14   1827    0    0     4     0    0 3030 91  0  9  0  0  0 2025-12-22 10:48:25
 1  0      0   1022     14   1827    0    0     0     0    0 3009 91  0  9  0  0  0 2025-12-22 10:48:26
 1  0      0   1022     14   1827    0    0     0     0    0 3008 91  0  9  0  0  0 2025-12-22 10:48:27
 1  0      0   1022     14   1827    0    0     4     0    0 3019 90  1  9  0  0  0 2025-12-22 10:48:28
 1  0      0   1022     14   1827    0    0     0     0    0 3536 90  1  9  0  0  0 2025-12-22 10:48:29
 1  0      0   1021     14   1827    0    0     0     0    0 3378 91  0  9  0  0  0 2025-12-22 10:48:30
 1  0      0   1012     14   1827    0    0     0     0    0 3471 92  1  7  0  0  0 2025-12-22 10:48:31
 1  0      0   1012     14   1827    0    0     0     0    0 2449 90  1  9  0  0  0 2025-12-22 10:48:32
 1  0      0   1012     14   1827    0    0     0     0    0 2455 91  0  9  0  0  0 2025-12-22 10:48:33
 1  0      0   1012     14   1827    0    0     0     0    0 2460 91  0  9  0  0  0 2025-12-22 10:48:34
 1  0      0   1012     14   1827    0    0     0     0    0 2606 91  0  9  0  0  0 2025-12-22 10:48:35
 1  0      0   1012     14   1827    0    0     0     0    0 2471 91  0  9  0  0  0 2025-12-22 10:48:36
 1  0      0   1012     14   1827    0    0     0     0    0 2464 91  0  9  0  0  0 2025-12-22 10:48:37
 1  0      0   1012     14   1827    0    0     0     0    0 2466 90  1  9  0  0  0 2025-12-22 10:48:38
 1  0      0   1021     14   1827    0    0     0     0    0 2468 91  0  9  0  0  0 2025-12-22 10:48:39
 1  0      0   1021     14   1827    0    0     0     0    0 2530 91  0  9  0  0  0 2025-12-22 10:48:40
 1  0      0   1021     14   1827    0    0     0     0    0 2450 91  0  9  0  0  0 2025-12-22 10:48:41
 1  0      0   1021     14   1828    0    0   128     0    0 2501 91  0  9  0  0  0 2025-12-22 10:48:42
 1  0      0   1021     14   1828    0    0     0     0    0 2469 90  1  9  0  0  0 2025-12-22 10:48:43
 1  0      0   1021     14   1828    0    0     0     0    0  343 91  0  9  0  0  0 2025-12-22 10:48:44
 1  0      0   1021     14   1828    0    0     0     0    0   95 91  0  9  0  0  0 2025-12-22 10:48:45
 1  0      0   1021     14   1828    0    0     0     0    0   91 91  0  9  0  0  0 2025-12-22 10:48:46
 1  0      0   1021     14   1828    0    0     0  2272    0   82 91  0  9  0  0  0 2025-12-22 10:48:47
 1  0      0   1021     14   1828    0    0     0     0    0   92 91  0  9  0  0  0 2025-12-22 10:48:48
 1  0      0   1021     14   1828    0    0     0     0    0  100 91  0  9  0  0  0 2025-12-22 10:48:49
 1  0      0   1021     14   1828    0    0     0     0    0  110 91  0  9  0  0  0 2025-12-22 10:48:50
 1  0      0   1014     14   1828    0    0     0     0    0 1872 91  1  8  0  0  0 2025-12-22 10:48:51
 1  0      0   1014     14   1828    0    0     0    16    0 1139 91  0  9  0  0  0 2025-12-22 10:48:52
 1  0      0   1014     14   1828    0    0     0     0    0 1389 91  0  9  0  0  0 2025-12-22 10:48:53
 1  0      0    524     14   1828    0    0     0     0    0 1142 79 12  9  0  0  0 2025-12-22 10:48:54
 1  0      0    295     14   1387    0    0     0     0    0 1768 69 26  5  0  0  0 2025-12-22 10:48:55
 1  0      0    108     14   1006    0    0     0     0    0 1249 74 20  6  0  0  0 2025-12-22 10:48:56
 1  0      0    123     14    785    0    0     0     4    0  997 86  7  7  0  0  0 2025-12-22 10:48:57
 1  0      0    938     14    763    0    0     0     0    0 1984 90  2  8  0  0  0 2025-12-22 10:48:58
 1  0      0    937     14    763    0    0     0     0    0 2459 91  0  9  0  0  0 2025-12-22 10:48:59
 1  0      0    937     14    763    0    0     0     0    0 1428 89  2  9  0  0  0 2025-12-22 10:49:00
 1  0      0    937     14    763    0    0     0     0    0 1656 91  0  9  0  0  0 2025-12-22 10:49:01
 1  0      0    937     14    763    0    0     0     4    0 1291 91  0  9  0  0  0 2025-12-22 10:49:02
 1  0      0    937     14    763    0    0     0     0    0 1129 91  0  9  0  0  0 2025-12-22 10:49:03
 1  0      0    937     14    763    0    0     0     0    0 1649 91  0  9  0  0  0 2025-12-22 10:49:04
 1  0      0    937     14    763    0    0     0     0    0 1693 91  0  9  0  0  0 2025-12-22 10:49:05
 1  0      0    937     14    763    0    0     0     0    0 1131 91  0  9  0  0  0 2025-12-22 10:49:06
 1  0      0    937     14    763    0    0     0     0    0 1165 90  1  9  0  0  0 2025-12-22 10:49:07
 1  0      0    937     14    763    0    0     0     0    0 1739 91  0  9  0  0  0 2025-12-22 10:49:08
 1  0      0    937     14    763    0    0     0     0    0 1671 91  0  9  0  0  0 2025-12-22 10:49:09
 1  0      0    937     14    763    0    0     0     0    0 1707 91  0  9  0  0  0 2025-12-22 10:49:10
 1  0      0    933     14    767    0    0  4220     0    0 2441 92  2  6  0  0  0 2025-12-22 10:49:11
 1  0      0    933     14    767    0    0     0    28    0 1397 91  0  9  0  0  0 2025-12-22 10:49:12
 1  0      0    933     14    767    0    0     0     0    0 1400 90  1  9  0  0  0 2025-12-22 10:49:13
 1  0      0    933     14    767    0    0     0     0    0 1678 91  0  9  0  0  0 2025-12-22 10:49:14
 1  0      0    933     14    767    0    0     0     0    0 1956 91  0  9  0  0  0 2025-12-22 10:49:15
 1  0      0    933     14    767    0    0     0     0    0 1664 91  0  9  0  0  0 2025-12-22 10:49:16
 1  0      0    933     14    767    0    0     0     0    0 1918 90  0 10  0  0  0 2025-12-22 10:49:17
 1  0      0    933     14    767    0    0     0     8    0 1131 91  0  9  0  0  0 2025-12-22 10:49:18
 1  0      0    933     14    767    0    0     0     0    0 1130 91  0  9  0  0  0 2025-12-22 10:49:19
 1  0      0    933     14    767    0    0     0     0    0   80 91  0  9  0  0  0 2025-12-22 10:49:20
 1  0      0    933     14    767    0    0     0     0    0   79 91  0  9  0  0  0 2025-12-22 10:49:21
 1  0      0    933     14    767    0    0     0     0    0   67 91  0  9  0  0  0 2025-12-22 10:49:22
 1  0      0    933     14    767    0    0     0     0    0   66 91  0  9  0  0  0 2025-12-22 10:49:23
 1  0      0    933     14    767    0    0     0    16    0   91 91  0  9  0  0  0 2025-12-22 10:49:24
 1  0      0    933     14    767    0    0     0     0    0   87 91  0  9  0  0  0 2025-12-22 10:49:25
 1  0      0    933     14    767    0    0     0     0    0   96 91  0  9  0  0  0 2025-12-22 10:49:26
 1  0      0    933     14    767    0    0     0     0    0  361 90  1  9  0  0  0 2025-12-22 10:49:27
 1  0      0    933     14    767    0    0     0     0    0 1983 91  0  9  0  0  0 2025-12-22 10:49:28
 1  0      0    933     14    767    0    0     0     0    0 1932 91  0  9  0  0  0 2025-12-22 10:49:29
 1  0      0    945     14    767    0    0     0    16    0 1752 91  0  9  0  0  0 2025-12-22 10:49:30
 1  0      0    934     14    768    0    0     0     0    0  637 90  2  7  0  0  0 2025-12-22 10:49:31
 1  0      0    934     14    768    0    0     0     0    0   66 91  0  9  0  0  0 2025-12-22 10:49:32
 1  0      0    934     14    768    0    0     0     0    0   70 91  0  9  0  0  0 2025-12-22 10:49:33
 1  0      0    934     14    768    0    0     0     0    0  156 91  0  9  0  0  0 2025-12-22 10:49:34
 1  0      0    934     14    768    0    0     0     0    0  146 91  0  9  0  0  0 2025-12-22 10:49:35
 1  0      0    934     14    768    0    0     0     0    0  147 90  0 10  0  0  0 2025-12-22 10:49:36
 1  0      0    378     14    768    0    0     0     0    0   78 46 44 10  0  0  0 2025-12-22 10:49:37
 1  0      0    481     14    768    0    0     0     0    0   72 76 12 12  0  0  0 2025-12-22 10:49:38
 2  0      0    111      1    656    0    0     0     0    0  408 74 18  8  0  0  0 2025-12-22 10:49:39
 1  0      0    507      0    318    0    0    20     0    0 2257 74 22  4  0  0  0 2025-12-22 10:49:40
 1  0      0    507      0    318    0    0    40     0    0 1680 90  0 10  0  0  0 2025-12-22 10:49:41
 1  0      0    507      0    318    0    0     0     0    0 1419 90  0 10  0  0  0 2025-12-22 10:49:42
 1  0      0    507      0    318    0    0   140     0    0 1679 90  1  9  0  0  0 2025-12-22 10:49:43
 1  0      0    507      0    318    0    0     0     0    0 1152 90  0 10  0  0  0 2025-12-22 10:49:44
 1  0      0   1440      0    318    0    0   112     0    0 1179 87  3  9  1  0  0 2025-12-22 10:49:45
 1  0      0   1440      0    318    0    0     0     0    0 1155 91  0  9  0  0  0 2025-12-22 10:49:46
 1  0      0   1440      0    318    0    0     0     0    0 1138 90  1  9  0  0  0 2025-12-22 10:49:47
 1  0      0   1440      0    318    0    0     0     0    0 1388 91  0  9  0  0  0 2025-12-22 10:49:48
 1  0      0   1440      0    318    0    0     0     0    0 1651 90  0 10  0  0  0 2025-12-22 10:49:49
 1  0      0   1439      0    318    0    0     0     0    0 1136 91  0  9  0  0  0 2025-12-22 10:49:50
 1  0      0   1435      0    324    0    0  6124     0    0 2441 90  4  6  0  0  0 2025-12-22 10:49:51
 1  0      0   1435      0    324    0    0     0     0    0 1654 91  0  9  0  0  0 2025-12-22 10:49:52
 1  0      0   1435      0    324    0    0     0     0    0 1652 91  0  9  0  0  0 2025-12-22 10:49:53
 1  0      0   1435      0    324    0    0     0     0    0 1655 91  0  9  0  0  0 2025-12-22 10:49:54
 1  0      0   1435      0    324    0    0   164     0    0 1423 90  1  9  0  0  0 2025-12-22 10:49:55
 1  0      0   1435      0    324    0    0     0     0    0  869 91  0  9  0  0  0 2025-12-22 10:49:56
 1  0      0   1435      0    324    0    0     0     0    0 1408 91  0  9  0  0  0 2025-12-22 10:49:57
 1  0      0   1435      0    325    0    0  1076     0    0 2292 91  0  9  0  0  0 2025-12-22 10:49:58
 1  0      0   1435      0    326    0    0   384     0    0 1681 90  1  9  0  0  0 2025-12-22 10:49:59
 2  0      0   1443      0    326    0    0     0     0    0 1663 91  0  9  0  0  0 2025-12-22 10:50:00
 1  0      0   1439      0    326    0    0   400     0    0 1133 91  0  9  0  0  0 2025-12-22 10:50:01
 1  0      0   1439      0    326    0    0     4    20    0 1401 91  0  9  0  0  0 2025-12-22 10:50:02
 1  0      0   1439      0    326    0    0     0     0    0 1655 91  0  9  0  0  0 2025-12-22 10:50:03
 1  0      0   1439      0    326    0    0     0     0    0 1654 91  0  9  0  0  0 2025-12-22 10:50:04
 1  0      0   1439      0    326    0    0     0     0    0 1694 91  0  9  0  0  0 2025-12-22 10:50:05
 1  0      0   1439      0    327    0    0   764     0    0  985 91  0  9  0  0  0 2025-12-22 10:50:06
 1  0      0   1439      0    327    0    0     0     0    0 1395 90  0 10  0  0  0 2025-12-22 10:50:07
 1  0      0   1439      0    327    0    0     0     0    0 1658 90  1  9  0  0  0 2025-12-22 10:50:08
 1  0      0   1439      0    327    0    0     0     0    0 1653 91  0  9  0  0  0 2025-12-22 10:50:09
 1  0      0   1439      0    327    0    0     0     0    0 1667 91  0  9  0  0  0 2025-12-22 10:50:10
 1  0      0   1432      0    327    0    0   432     0    0 1365 90  3  7  0  0  0 2025-12-22 10:50:11
 1  0      0   1432      0    327    0    0     0     0    0 1927 90  1  9  0  0  0 2025-12-22 10:50:12
 1  0      0   1432      0    327    0    0     0     0    0 1925 91  0  9  0  0  0 2025-12-22 10:50:13
 1  0      0   1432      0    327    0    0     0     0    0 1920 91  0  9  0  0  0 2025-12-22 10:50:14
 1  0      0   1432      0    327    0    0     0     0    0 1973 90  1  9  0  0  0 2025-12-22 10:50:15
 1  0      0   1432      0    327    0    0     0     0    0 1945 91  0  9  0  0  0 2025-12-22 10:50:16
 1  0      0   1432      0    327    0    0     0     0    0 1129 91  0  9  0  0  0 2025-12-22 10:50:17
 1  0      0   1432      0    327    0    0     0     0    0 1670 91  0  9  0  0  0 2025-12-22 10:50:18
 1  0      0   1432      0    327    0    0     0     0    0 1935 91  0  9  0  0  0 2025-12-22 10:50:19
 1  0      0   1432      0    327    0    0     0     0    0 1670 91  0  9  0  0  0 2025-12-22 10:50:20
 1  0      0   1436      0    328    0    0   420     0    0 1957 91  1  8  0  0  0 2025-12-22 10:50:21
 1  0      0   1436      0    328    0    0   360     0    0 1976 91  0  9  0  0  0 2025-12-22 10:50:22
 1  0      0   1436      0    328    0    0     0     0    0 1393 91  0  9  0  0  0 2025-12-22 10:50:23
 1  0      0   1436      0    328    0    0     0     0    0 1652 90  1  9  0  0  0 2025-12-22 10:50:24
 1  0      0   1436      0    328    0    0     0     0    0 1671 91  0  9  0  0  0 2025-12-22 10:50:25
 1  0      0   1436      0    328    0    0     0     0    0 1938 91  0  9  0  0  0 2025-12-22 10:50:26
 1  0      0   1227      0    462    0    0 136976     0    0 2137 80  7  8  5  0  0 2025-12-22 10:50:27
 1  0      0    722      0    592    0    0 133344     0    0 2104 31 59  5  5  0  0 2025-12-22 10:50:28
 1  0      0    780      0    597    0    0  4944     0    0 2327 89  1  9  0  0  0 2025-12-22 10:50:29
 1  0      0    490      0    365    0    0    20     0    0 1070 77 16  7  0  0  0 2025-12-22 10:50:30
 1  0      0    483      0    375    0    0  9592     0    0 2760 92  3  5  0  0  0 2025-12-22 10:50:31
 1  0      0    483      0    375    0    0     0    20    0 1393 91  0  9  0  0  0 2025-12-22 10:50:32
 1  0      0    483      0    375    0    0     0     0    0 1661 91  0  9  0  0  0 2025-12-22 10:50:33
 1  0      0    463      0    375    0    0     0     0    0 1661 89  1 10  0  0  0 2025-12-22 10:50:34
 1  0      0   1338      0    375    0    0    92     0    0 1743 89  2  9  0  0  0 2025-12-22 10:50:35
 1  0      0   1338      0    375    0    0     0     0    0 1673 91  0  9  0  0  0 2025-12-22 10:50:36
 1  0      0   1338      0    375    0    0     0     8    0 1655 91  0  9  0  0  0 2025-12-22 10:50:37
 1  0      0   1338      0    375    0    0     0     0    0  862 91  0  9  0  0  0 2025-12-22 10:50:38
 1  0      0   1338      0    375    0    0     0     0    0 1396 91  0  9  0  0  0 2025-12-22 10:50:39
 1  0      0   1338      0    375    0    0     0     0    0 1683 91  0  9  0  0  0 2025-12-22 10:50:40
 1  0      0   1344      0    375    0    0     0     0    0 1672 91  1  8  0  0  0 2025-12-22 10:50:41
 1  0      0   1344      0    375    0    0     4     8    0 1688 91  0  9  0  0  0 2025-12-22 10:50:42
 1  0      0   1344      0    375    0    0    76     0    0 1686 91  0  9  0  0  0 2025-12-22 10:50:43
 1  0      0   1344      0    375    0    0     0     0    0  868 90  0 10  0  0  0 2025-12-22 10:50:44
 1  0      0   1344      0    375    0    0     0     0    0 1408 90  1  9  0  0  0 2025-12-22 10:50:45
 1  0      0   1344      0    375    0    0     0     0    0 1663 91  0  9  0  0  0 2025-12-22 10:50:46
 1  0      0   1408      0    375    0    0     0     0    0 1669 91  0  9  0  0  0 2025-12-22 10:50:47
 1  0      0   1408      0    375    0    0    68     0    0 1680 90  1  9  0  0  0 2025-12-22 10:50:48
 1  0      0   1408      0    375    0    0     0     0    0  865 91  0  9  0  0  0 2025-12-22 10:50:49
 1  0      0   1408      0    375    0    0    20     0    0 1418 91  0  9  0  0  0 2025-12-22 10:50:50
 1  0      0   1398      0    376    0    0   476     0    0 2199 91  2  7  0  0  0 2025-12-22 10:50:51
 1  0      0   1390      0    376    0    0     0     0    0 1658 91  0  9  0  0  0 2025-12-22 10:50:52
 1  0      0   1390      0    376    0    0     0     0    0 1655 91  0  9  0  0  0 2025-12-22 10:50:53
 1  0      0   1390      0    376    0    0     0     0    0  863 91  0  9  0  0  0 2025-12-22 10:50:54
 1  0      0   1390      0    376    0    0     0     0    0 1417 91  0  9  0  0  0 2025-12-22 10:50:55
 1  0      0   1390      0    376    0    0     0     0    0 1401 91  0  9  0  0  0 2025-12-22 10:50:56
 1  0      0   1390      0    376    0    0    68     0    0 1681 91  0  9  0  0  0 2025-12-22 10:50:57
 1  0      0   1390      0    376    0    0     0     0    0 1670 90  1  9  0  0  0 2025-12-22 10:50:58
 1  0      0   1390      0    376    0    0     0     0    0 1678 91  0  9  0  0  0 2025-12-22 10:50:59
 1  0      0   1390      0    376    0    0     0     0    0 1125 91  0  9  0  0  0 2025-12-22 10:51:00
 1  0      0   1390      0    376    0    0     0     0    0 1655 90  0 10  0  0  0 2025-12-22 10:51:01
 1  0      0   1374      0    376    0    0     0     0    0 1398 92  0  8  0  0  0 2025-12-22 10:51:02
 1  0      0   1374      0    376    0    0     0    24    0 1396 91  0  9  0  0  0 2025-12-22 10:51:03
 1  0      0   1374      0    376    0    0     0     0    0 1655 90  1  9  0  0  0 2025-12-22 10:51:04
 1  0      0   1374      0    376    0    0     0     0    0 1696 91  0  9  0  0  0 2025-12-22 10:51:05
 1  0      0   1374      0    376    0    0     0     0    0 1655 91  0  9  0  0  0 2025-12-22 10:51:06
 1  0      0   1374      0    376    0    0     0     0    0 1659 91  0  9  0  0  0 2025-12-22 10:51:07
 1  0      0   1374      0    376    0    0     0     8    0  862 90  0 10  0  0  0 2025-12-22 10:51:08
 1  0      0   1374      0    376    0    0     0     0    0 1391 91  0  9  0  0  0 2025-12-22 10:51:09
 1  0      0   1374      0    376    0    0   156     0    0 1670 91  0  9  0  0  0 2025-12-22 10:51:10
 1  0      0   1365      0    376    0    0   312     0    0 2484 90  3  7  0  0  0 2025-12-22 10:51:11
 1  0      0    676      0    593    0    0 222008     0    0  855 66 20  6  8  0  0 2025-12-22 10:51:12
 1  0      0    492      0    328    0    0    44     0    0  202 69 25  6  0  0  0 2025-12-22 10:51:13
 1  0      0    492      0    328    0    0     0     0    0   66 91  0  9  0  0  0 2025-12-22 10:51:14
 1  0      0    492      0    328    0    0   508     0    0  111 91  0  9  0  0  0 2025-12-22 10:51:15
 1  0      0    492      0    328    0    0     0     0    0   69 91  0  9  0  0  0 2025-12-22 10:51:16
 1  0      0    492      0    328    0    0     0     0    0   64 91  0  9  0  0  0 2025-12-22 10:51:17
 1  0      0   1429      0    328    0    0   116     0    0  629 88  3  9  0  0  0 2025-12-22 10:51:18
 1  0      0   1429      0    328    0    0     0     0    0 1126 91  0  9  0  0  0 2025-12-22 10:51:19
 1  0      0   1429      0    328    0    0     0     0    0  856 91  0  9  0  0  0 2025-12-22 10:51:20
 1  0      0   1429      0    329    0    0   552     0    0 1148 92  0  8  0  0  0 2025-12-22 10:51:21
 1  0      0   1431      0    329    0    0     0     0    0  585 91  0  9  0  0  0 2025-12-22 10:51:22
 1  0      0   1431      0    329    0    0     0     4    0  591 90  1  9  0  0  0 2025-12-22 10:51:23
 1  0      0   1431      0    329    0    0     0     0    0 1121 91  0  9  0  0  0 2025-12-22 10:51:24
 1  0      0   1431      0    329    0    0     0     0    0  875 91  0  9  0  0  0 2025-12-22 10:51:25
 1  0      0   1431      0    336    0    0  7104     0    0  925 89  1  9  1  0  0 2025-12-22 10:51:26
 1  0      0   1431      0    337    0    0  1468     0    0  775 90  1  9  0  0  0 2025-12-22 10:51:27
 1  0      0   1431      0    337    0    0     0     0    0  594 91  0  9  0  0  0 2025-12-22 10:51:28
 1  0      0   1428      0    343    0    0  5604     0    0 1819 90  1  9  0  0  0 2025-12-22 10:51:29
 1  0      0   1428      0    343    0    0     0     0    0 1381 91  0  9  0  0  0 2025-12-22 10:51:30
 1  0      0   1408      0    349    0    0  6708     0    0 2362 89  4  7  0  0  0 2025-12-22 10:51:31
 1  0      0   1408      0    350    0    0   376     0    0 1178 91  0  9  0  0  0 2025-12-22 10:51:32
 1  0      0   1416      0    350    0    0     0     0    0 1121 90  1  9  0  0  0 2025-12-22 10:51:33
 1  0      0   1416      0    350    0    0     0    20    0   78 91  0  9  0  0  0 2025-12-22 10:51:34
 1  0      0   1416      0    350    0    0     0     0    0  117 91  0  9  0  0  0 2025-12-22 10:51:35
 1  0      0   1416      0    350    0    0     0     0    0   96 91  0  9  0  0  0 2025-12-22 10:51:36
 1  0      0   1416      0    350    0    0     0     0    0  437 90  1  9  0  0  0 2025-12-22 10:51:37
 1  0      0   1416      0    350    0    0     0     0    0 1384 91  0  9  0  0  0 2025-12-22 10:51:38
 1  0      0   1416      0    351    0    0  1464     8    0 1301 91  0  9  0  0  0 2025-12-22 10:51:39
 1  0      0   1416      0    351    0    0     0     0    0 1685 91  0  9  0  0  0 2025-12-22 10:51:40
 1  0      0   1416      0    351    0    0     0     0    0 1379 91  0  9  0  0  0 2025-12-22 10:51:41
 1  0      0   1416      0    351    0    0     0     0    0 1411 91  0  9  0  0  0 2025-12-22 10:51:42
 1  0      0   1420      0    351    0    0     0     0    0 1693 90  1  9  0  0  0 2025-12-22 10:51:43
 1  0      0   1420      0    351    0    0     0     0    0 1129 91  0  9  0  0  0 2025-12-22 10:51:44
 1  0      0   1420      0    351    0    0     0     0    0 1137 91  0  9  0  0  0 2025-12-22 10:51:45
 1  0      0   1420      0    351    0    0     0     0    0 1656 91  0  9  0  0  0 2025-12-22 10:51:46
 1  0      0   1420      0    351    0    0     0     0    0 1167 91  0  9  0  0  0 2025-12-22 10:51:47
 1  0      0   1420      0    351    0    0     0     0    0 1122 91  0  9  0  0  0 2025-12-22 10:51:48
 1  0      0   1420      0    351    0    0     0     0    0 1653 91  0  9  0  0  0 2025-12-22 10:51:49
 1  0      0   1420      0    351    0    0     0     0    0 1119 91  0  9  0  0  0 2025-12-22 10:51:50
 1  0      0   1417      0    351    0    0     0     0    0 1391 90  2  8  0  0  0 2025-12-22 10:51:51
 1  0      0   1417      0    351    0    0     0     0    0  170 91  0  9  0  0  0 2025-12-22 10:51:52
 1  0      0   1417      0    351    0    0     0     0    0   91 91  0  9  0  0  0 2025-12-22 10:51:53
 1  0      0    740      0    574    0    0 228636     0    0  397 68 17  6  9  0  0 2025-12-22 10:51:54
 1  0      0    496      0    365    0    0     0    40    0 1573 74 19  7  0  0  0 2025-12-22 10:51:55
 1  0      0    496      0    365    0    0     4     0    0 1401 91  0  9  0  0  0 2025-12-22 10:51:56
 1  0      0    496      0    365    0    0   160     0    0 1518 91  0  9  0  0  0 2025-12-22 10:51:57
 1  0      0    494      0    365    0    0     8     0    0 1389 91  0  9  0  0  0 2025-12-22 10:51:58
 1  0      0   1348      0    365    0    0     0     0    0 1698 88  3  9  0  0  0 2025-12-22 10:51:59
 1  0      0   1348      0    365    0    0     0     0    0 1119 91  0  9  0  0  0 2025-12-22 10:52:00
 1  0      0   1348      0    366    0    0   320     0    0 1687 91  0  9  0  0  0 2025-12-22 10:52:01
 1  0      0   1348      0    366    0    0     0     0    0 1142 91  0  9  0  0  0 2025-12-22 10:52:02
 1  0      0   1346      0    366    0    0     0     0    0 1125 91  0  9  0  0  0 2025-12-22 10:52:03
 1  0      0   1346      0    366    0    0     0     0    0  626 91  0  9  0  0  0 2025-12-22 10:52:04
 1  0      0   1346      0    366    0    0   740     0    0 1162 90  1  9  0  0  0 2025-12-22 10:52:05
 1  0      0   1346      0    366    0    0     0     0    0 1653 91  0  9  0  0  0 2025-12-22 10:52:06
 1  0      0   1346      0    366    0    0     4     0    0 1162 91  0  9  0  0  0 2025-12-22 10:52:07
 1  0      0   1346      0    366    0    0     0     0    0 1118 91  0  9  0  0  0 2025-12-22 10:52:08
 1  0      0   1346      0    366    0    0     0     0    0  344 91  0  9  0  0  0 2025-12-22 10:52:09
 1  0      0   1346      0    366    0    0     0     0    0   88 91  0  9  0  0  0 2025-12-22 10:52:10
 1  0      0   1343      0    369    0    0  2684     0    0  677 91  1  8  0  0  0 2025-12-22 10:52:11
 1  0      0   1343      0    369    0    0     0     0    0  949 90  1  9  0  0  0 2025-12-22 10:52:12
 1  0      0   1343      0    369    0    0    60     0    0 2194 91  0  9  0  0  0 2025-12-22 10:52:13
 1  0      0   1343      0    369    0    0     0     0    0 1924 91  0  9  0  0  0 2025-12-22 10:52:14
 1  0      0   1343      0    369    0    0     0     0    0 1405 91  1  8  0  0  0 2025-12-22 10:52:15
 1  0      0   1343      0    369    0    0     0     0    0 1396 91  0  9  0  0  0 2025-12-22 10:52:16
 1  0      0   1343      0    369    0    0     0     0    0 2011 91  0  9  0  0  0 2025-12-22 10:52:17
 1  0      0   1343      0    369    0    0     0     0    0 1913 91  0  9  0  0  0 2025-12-22 10:52:18
 1  0      0   1343      0    369    0    0     0     0    0 1913 90  0 10  0  0  0 2025-12-22 10:52:19
 1  0      0   1343      0    369    0    0     0     0    0 1923 91  0  9  0  0  0 2025-12-22 10:52:20
 1  0      0   1343      0    369    0    0     0     0    0 1929 91  0  9  0  0  0 2025-12-22 10:52:21
 1  0      0   1343      0    369    0    0     0     0    0 1945 91  1  8  0  0  0 2025-12-22 10:52:22
 1  0      0   1343      0    369    0    0     0     0    0 1658 91  0  9  0  0  0 2025-12-22 10:52:23
 1  0      0   1343      0    369    0    0     0     0    0   82 91  0  9  0  0  0 2025-12-22 10:52:24
 1  0      0   1343      0    369    0    0     0     0    0  107 91  0  9  0  0  0 2025-12-22 10:52:25
 1  0      0   1343      0    369    0    0     0    20    0  115 90  1  9  0  0  0 2025-12-22 10:52:26
 1  0      0   1343      0    369    0    0     0     0    0 1176 91  0  9  0  0  0 2025-12-22 10:52:27
 1  0      0   1343      0    369    0    0     0     0    0 1941 91  0  9  0  0  0 2025-12-22 10:52:28
 1  0      0   1343      0    371    0    0  2044     0    0 2362 89  2  9  0  0  0 2025-12-22 10:52:29
 1  0      0   1343      0    372    0    0   320     0    0 1986 91  0  9  0  0  0 2025-12-22 10:52:30
 1  0      0   1341      0    372    0    0   456     4    0 1974 92  1  7  0  0  0 2025-12-22 10:52:31
 1  0      0   1341      0    372    0    0     0     0    0 1427 91  0  9  0  0  0 2025-12-22 10:52:32
 1  0      0   1341      0    372    0    0     0     0    0 1663 91  0  9  0  0  0 2025-12-22 10:52:33
 1  0      0   1344      0    372    0    0     0     0    0 1670 90  1  9  0  0  0 2025-12-22 10:52:34
 1  0      0    695      0    574    0    0 207148     0    0 2306 65 18  7 10  0  0 2025-12-22 10:52:35
 1  0      0    494      0    324    0    0   864     0    0 1833 70 26  4  0  0  0 2025-12-22 10:52:36
 1  0      0    494      0    325    0    0   964     0    0 2070 90  0 10  0  0  0 2025-12-22 10:52:37
 1  0      0    491      0    328    0    0  2664     0    0 1499 91  0  9  0  0  0 2025-12-22 10:52:38
 1  0      0    490      0    328    0    0   628     0    0   96 91  0  9  0  0  0 2025-12-22 10:52:39
 1  0      0    490      0    329    0    0   496     0    0  134 90  1  9  0  0  0 2025-12-22 10:52:40
 1  0      0    488      0    331    0    0  2272     4    0  144 91  0  8  1  0  0 2025-12-22 10:52:41
 1  0      0   1425      0    332    0    0  1292     0    0 1983 89  2  8  1  0  0 2025-12-22 10:52:42
 1  0      0   1425      0    333    0    0   772     0    0 1963 91  0  9  0  0  0 2025-12-22 10:52:43
 1  0      0   1425      0    337    0    0  4124     0    0 1766 90  1  9  0  0  0 2025-12-22 10:52:44
 1  0      0   1425      0    337    0    0   348     0    0 1942 91  0  9  0  0  0 2025-12-22 10:52:45
 1  0      0   1425      0    337    0    0     0     0    0 1921 90  1  9  0  0  0 2025-12-22 10:52:46
 1  0      0   1425      0    338    0    0   856     0    0 2039 91  0  9  0  0  0 2025-12-22 10:52:47
 1  0      0   1425      0    338    0    0     0     0    0 1920 91  0  9  0  0  0 2025-12-22 10:52:48
 1  0      0   1425      0    338    0    0     0     0    0 1645 91  0  9  0  0  0 2025-12-22 10:52:49
 1  0      0   1425      0    338    0    0     0     0    0 1388 90  1  9  0  0  0 2025-12-22 10:52:50
 1  0      0   1424      0    344    0    0  5756     0    0 2527 91  2  7  0  0  0 2025-12-22 10:52:51
 1  0      0   1424      0    346    0    0  1744     0    0 2040 91  0  9  0  0  0 2025-12-22 10:52:52
 1  0      0   1424      0    346    0    0     0     0    0  352 91  0  9  0  0  0 2025-12-22 10:52:53
 1  0      0   1424      0    346    0    0     0     0    0   88 91  0  9  0  0  0 2025-12-22 10:52:54
 1  0      0   1424      0    346    0    0     0     0    0  110 91  0  9  0  0  0 2025-12-22 10:52:55
 1  0      0   1424      0    346    0    0     0     0    0  613 91  0  9  0  0  0 2025-12-22 10:52:56
 1  0      0   1424      0    346    0    0     0    28    0 1734 91  0  9  0  0  0 2025-12-22 10:52:57
 1  0      0   1424      0    346    0    0    56     0    0 1946 91  0  9  0  0  0 2025-12-22 10:52:58
 1  0      0   1424      0    346    0    0   352     0    0  603 90  1  9  0  0  0 2025-12-22 10:52:59
 1  0      0   1424      0    346    0    0     0     0    0   65 91  0  9  0  0  0 2025-12-22 10:53:00
 1  0      0   1424      0    346    0    0     0     0    0   78 91  0  9  0  0  0 2025-12-22 10:53:01
 1  0      0   1424      0    346    0    0     0     4    0   83 91  0  9  0  0  0 2025-12-22 10:53:02
 1  0      0   1424      0    346    0    0     0     0    0   77 91  0  9  0  0  0 2025-12-22 10:53:03
 1  0      0   1424      0    346    0    0     0     0    0   82 91  0  9  0  0  0 2025-12-22 10:53:04
 1  0      0   1420      0    347    0    0  1176     0    0  138 91  0  9  0  0  0 2025-12-22 10:53:05
 1  0      0   1420      0    347    0    0     0     0    0  867 91  0  9  0  0  0 2025-12-22 10:53:06
 1  0      0   1420      0    347    0    0     0     0    0 1197 90  1  9  0  0  0 2025-12-22 10:53:07
 1  0      0   1420      0    347    0    0     0     0    0 1405 91  0  9  0  0  0 2025-12-22 10:53:08
 1  0      0   1420      0    347    0    0     0     0    0 1132 91  0  9  0  0  0 2025-12-22 10:53:09
 1  0      0   1420      0    347    0    0     0     0    0 1080 91  0  9  0  0  0 2025-12-22 10:53:10
 1  0      0   1414      0    348    0    0   760     0    0 2566 91  2  7  0  0  0 2025-12-22 10:53:11
 1  0      0   1414      0    349    0    0   756     8    0 1550 91  0  9  0  0  0 2025-12-22 10:53:12
 1  0      0   1414      0    349    0    0     4     0    0 1155 91  0  9  0  0  0 2025-12-22 10:53:13
 1  0      0   1414      0    349    0    0     0     0    0 1658 91  0  9  0  0  0 2025-12-22 10:53:14
 1  0      0   1419      0    349    0    0     0     0    0 1665 91  0  9  0  0  0 2025-12-22 10:53:15
 1  0      0   1419      0    349    0    0     0     0    0 1396 90  1  9  0  0  0 2025-12-22 10:53:16
 0  1      0   1333      0    385    0    0 36984     8    0 1253 88  1  8  3  0  0 2025-12-22 10:53:17
 1  0      0     95      0    455    0    0 194092     0    0 1029 56 30  6  8  0  0 2025-12-22 10:53:18
 1  0      0    480      0    377    0    0   128     0    0  162 89  3  8  0  0  0 2025-12-22 10:53:19
 1  0      0    480      0    377    0    0     0     0    0   80 91  0  9  0  0  0 2025-12-22 10:53:20
 1  0      0    478      0    386    0    0  9072     0    0  603 89  1  7  3  0  0 2025-12-22 10:53:21
 1  0      0    478      0    386    0    0     0     0    0 1657 90  0 10  0  0  0 2025-12-22 10:53:22
 1  0      0    478      0    386    0    0     0     0    0 1382 91  0  9  0  0  0 2025-12-22 10:53:23
 1  0      0    472      0    386    0    0     0     0    0 1134 90  1  9  0  0  0 2025-12-22 10:53:24
 1  0      0   1325      0    386    0    0     0     0    0 1719 90  2  8  0  0  0 2025-12-22 10:53:25
 1  0      0   1325      0    386    0    0     0     0    0 1439 91  0  9  0  0  0 2025-12-22 10:53:26
 1  0      0   1325      0    386    0    0     4    24    0 1456 90  0 10  0  0  0 2025-12-22 10:53:27
 1  0      0   1325      0    386    0    0     0     0    0 1935 91  0  9  0  0  0 2025-12-22 10:53:28
 1  0      0   1325      0    388    0    0  2112     0    0 1758 90  1  9  0  0  0 2025-12-22 10:53:29
 1  0      0   1325      0    388    0    0     0     0    0 1118 91  0  9  0  0  0 2025-12-22 10:53:30
 1  0      0   1324      0    390    0    0  1880     0    0 2200 91  1  7  1  0  0 2025-12-22 10:53:31
 1  0      0   1324      0    390    0    0     0     8    0  127 91  0  9  0  0  0 2025-12-22 10:53:32
 1  0      0   1324      0    390    0    0     0     0    0   86 91  0  9  0  0  0 2025-12-22 10:53:33
 1  0      0   1324      0    390    0    0     0     0    0   82 91  0  9  0  0  0 2025-12-22 10:53:34
 1  0      0   1324      0    390    0    0     0     0    0  638 90  1  9  0  0  0 2025-12-22 10:53:35
 1  0      0   1324      0    390    0    0     0     0    0 1127 91  0  9  0  0  0 2025-12-22 10:53:36
 1  0      0   1324      0    390    0    0     0     0    0 1213 91  0  9  0  0  0 2025-12-22 10:53:37
 1  0      0   1324      0    390    0    0     0     0    0 1651 91  0  9  0  0  0 2025-12-22 10:53:38
 1  0      0   1324      0    390    0    0     0     0    0 1645 91  0  9  0  0  0 2025-12-22 10:53:39
 1  0      0   1324      0    390    0    0     0     0    0 1658 91  0  9  0  0  0 2025-12-22 10:53:40
 1  0      0   1324      0    390    0    0     0     0    0 1131 90  1  9  0  0  0 2025-12-22 10:53:41
 1  0      0   1324      0    390    0    0     0     0    0 1418 91  0  9  0  0  0 2025-12-22 10:53:42
 1  0      0   1324      0    390    0    0     0     0    0 1656 91  0  9  0  0  0 2025-12-22 10:53:43
 1  0      0   1324      0    390    0    0     0     0    0 1654 91  0  9  0  0  0 2025-12-22 10:53:44
 1  0      0   1324      0    390    0    0     0     0    0 1409 91  0  9  0  0  0 2025-12-22 10:53:45
 1  0      0   1324      0    390    0    0     0     0    0   79 91  0  9  0  0  0 2025-12-22 10:53:46
 1  0      0   1324      0    390    0    0     0     0    0   87 91  0  9  0  0  0 2025-12-22 10:53:47
 1  0      0   1324      0    390    0    0     0     0    0   67 91  0  9  0  0  0 2025-12-22 10:53:48
 1  0      0   1324      0    390    0    0     0     0    0   66 91  0  9  0  0  0 2025-12-22 10:53:49
 1  0      0   1324      0    390    0    0     0     0    0   72 91  0  9  0  0  0 2025-12-22 10:53:50
 1  0      0   1324      0    390    0    0    96     0    0 1636 93  1  6  0  0  0 2025-12-22 10:53:51
 1  0      0   1324      0    390    0    0   124     0    0  937 90  0 10  0  0  0 2025-12-22 10:53:52
 1  0      0   1324      0    390    0    0     0     4    0  593 91  0  9  0  0  0 2025-12-22 10:53:53
 1  0      0   1324      0    390    0    0     0     0    0  589 91  0  9  0  0  0 2025-12-22 10:53:54
 1  0      0   1324      0    390    0    0     0     0    0  605 91  0  9  0  0  0 2025-12-22 10:53:55
 1  0      0   1324      0    390    0    0     0     0    0  609 90  1  9  0  0  0 2025-12-22 10:53:56
 1  0      0   1324      0    390    0    0    76     0    0  703 91  0  9  0  0  0 2025-12-22 10:53:57
 1  0      0    688      0    580    0    0 194876    24    0 1739 68 16  6  9  0  0 2025-12-22 10:53:58
 1  0      0    488      0    331    0    0  3640     0    0 1610 72 24  4  0  0  0 2025-12-22 10:53:59
 1  0      0    488      0    331    0    0    28     0    0 1132 91  0  9  0  0  0 2025-12-22 10:54:00
 1  0      0    488      0    331    0    0   472     0    0 1414 90  1  9  0  0  0 2025-12-22 10:54:01
 1  0      0    485      0    336    0    0  4372     0    0 1267 90  1  9  0  0  0 2025-12-22 10:54:02
 1  0      0    483      0    337    0    0  1356     8    0  647 90  0  9  1  0  0 2025-12-22 10:54:03
 1  0      0   1418      0    338    0    0   892     0    0  133 89  2  8  1  0  0 2025-12-22 10:54:04
 1  0      0   1418      0    339    0    0  1344     0    0  205 90  1  9  0  0  0 2025-12-22 10:54:05
 1  0      0   1418      0    339    0    0     0     0    0  373 91  0  9  0  0  0 2025-12-22 10:54:06
 1  0      0   1418      0    340    0    0  1080     0    0 2631 91  0  9  0  0  0 2025-12-22 10:54:07
 1  0      0   1418      0    340    0    0     0     0    0 1937 91  0  9  0  0  0 2025-12-22 10:54:08
 1  0      0   1418      0    346    0    0  5748     0    0 2867 90  1  9  0  0  0 2025-12-22 10:54:09
 1  0      0   1418      0    346    0    0   128     0    0 2500 91  0  9  0  0  0 2025-12-22 10:54:10
 1  0      0   1413      0    351    0    0  5524     0    0 3453 89  3  7  0  0  0 2025-12-22 10:54:11
 1  0      0   1413      0    353    0    0  1884     0    0 2530 90  1  9  0  0  0 2025-12-22 10:54:12
 1  0      0   1413      0    354    0    0   724     0    0 2505 91  0  9  0  0  0 2025-12-22 10:54:13
 1  0      0   1413      0    354    0    0     0     0    0 2455 91  0  9  0  0  0 2025-12-22 10:54:14
 1  0      0   1413      0    354    0    0     0     0    0  891 90  0 10  0  0  0 2025-12-22 10:54:15
 1  0      0   1413      0    354    0    0     0     0    0  113 90  1  9  0  0  0 2025-12-22 10:54:16
 1  0      0   1413      0    354    0    0    32     0    0  198 92  0  8  0  0  0 2025-12-22 10:54:17
 1  0      0   1413      0    354    0    0     0     0    0  358 90  0 10  0  0  0 2025-12-22 10:54:18
 1  0      0   1413      0    354    0    0     0     0    0 1920 91  0  9  0  0  0 2025-12-22 10:54:19
 1  0      0   1413      0    354    0    0     0     0    0 1925 91  0  9  0  0  0 2025-12-22 10:54:20
 1  0      0   1413      0    354    0    0     0     0    0 2187 91  0  9  0  0  0 2025-12-22 10:54:21
 1  0      0   1413      0    354    0    0     0     0    0 2193 91  0  9  0  0  0 2025-12-22 10:54:22
 1  0      0   1413      0    354    0    0   120     0    0 2211 90  1  9  0  0  0 2025-12-22 10:54:23
 1  0      0   1413      0    354    0    0     0     0    0 2456 91  0  9  0  0  0 2025-12-22 10:54:24
 1  0      0   1413      0    354    0    0     0     0    0  876 91  0  9  0  0  0 2025-12-22 10:54:25
 1  0      0   1413      0    354    0    0     0     0    0  359 91  0  9  0  0  0 2025-12-22 10:54:26
 1  0      0   1413      0    354    0    0     0     0    0  130 91  0  9  0  0  0 2025-12-22 10:54:27
 1  0      0   1413      0    354    0    0   240     0    0  115 90  1  9  0  0  0 2025-12-22 10:54:28
 1  0      0   1407      0    359    0    0  4928    12    0  653 90  1  9  0  0  0 2025-12-22 10:54:29
 1  0      0   1407      0    359    0    0     0     0    0  869 91  0  9  0  0  0 2025-12-22 10:54:30
 1  0      0   1402      0    359    0    0     0     0    0 1848 92  1  7  0  0  0 2025-12-22 10:54:31
 1  0      0   1402      0    359    0    0     0     0    0  956 91  0  9  0  0  0 2025-12-22 10:54:32
 1  0      0   1402      0    359    0    0     0     0    0 1414 90  1  9  0  0  0 2025-12-22 10:54:33
 1  0      0   1402      0    359    0    0     4    12    0 1396 91  0  9  0  0  0 2025-12-22 10:54:34
 1  0      0   1402      0    359    0    0     0     0    0 1407 91  0  9  0  0  0 2025-12-22 10:54:35
 1  0      0   1402      0    359    0    0     0     0    0 1410 91  0  9  0  0  0 2025-12-22 10:54:36
 1  0      0   1401      0    359    0    0     0     0    0 1472 90  1  9  0  0  0 2025-12-22 10:54:37
 1  0      0   1401      0    359    0    0     0     0    0 1654 91  0  9  0  0  0 2025-12-22 10:54:38
 1  0      0   1401      0    359    0    0     0     8    0  910 91  0  9  0  0  0 2025-12-22 10:54:39
 1  0      0   1401      0    359    0    0     0     0    0   87 91  0  9  0  0  0 2025-12-22 10:54:40
 1  0      0   1166      0    479    0    0 122448     0    0  277 81  6  9  4  0  0 2025-12-22 10:54:41
 1  0      0     99      0    483    0    0 105388     0    0  289 59 30  7  4  0  0 2025-12-22 10:54:42
 1  0      0    489      0    365    0    0     0     0    0  417 88  5  7  0  0  0 2025-12-22 10:54:43
 1  0      0    489      0    365    0    0     0     0    0 1668 91  0  9  0  0  0 2025-12-22 10:54:44
 1  0      0    489      0    365    0    0     0     0    0  873 91  0  9  0  0  0 2025-12-22 10:54:45
 1  0      0    486      0    365    0    0     0     0    0 1393 91  0  9  0  0  0 2025-12-22 10:54:46
 1  0      0   1339      0    365    0    0     4     0    0 1463 89  2  9  0  0  0 2025-12-22 10:54:47
 1  0      0   1339      0    365    0    0     0     0    0  871 91  0  9  0  0  0 2025-12-22 10:54:48
 1  0      0   1339      0    365    0    0     0     0    0 1401 91  0  9  0  0  0 2025-12-22 10:54:49
 1  0      0   1339      0    365    0    0     0     0    0 1398 90  1  9  0  0  0 2025-12-22 10:54:50
 1  0      0   1339      0    370    0    0  4736     0    0 1265 92  2  6  0  0  0 2025-12-22 10:54:51
 1  0      0   1339      0    370    0    0     0     0    0  119 90  0 10  0  0  0 2025-12-22 10:54:52
 1  0      0   1339      0    370    0    0     0     0    0   94 91  0  9  0  0  0 2025-12-22 10:54:53
 1  0      0   1339      0    370    0    0     0     0    0   90 91  0  9  0  0  0 2025-12-22 10:54:54
 1  0      0   1339      0    370    0    0    20     0    0  374 90  0 10  0  0  0 2025-12-22 10:54:55
 1  0      0   1339      0    370    0    0     0     0    0  884 89  1  9  0  0  0 2025-12-22 10:54:56
 1  0      0   1339      0    370    0    0     0     0    0 1496 90  0 10  0  0  0 2025-12-22 10:54:57
 1  0      0   1339      0    370    0    0     0     0    0  854 90  0 10  0  0  0 2025-12-22 10:54:58
 1  0      0   1339      0    371    0    0   800    32    0  948 88  1 10  1  0  0 2025-12-22 10:54:59
 1  0      0   1339      0    371    0    0     0     0    0  859 91  0  9  0  0  0 2025-12-22 10:55:00
 1  0      0   1339      0    371    0    0     0     0    0 1403 90  0 10  0  0  0 2025-12-22 10:55:01
 1  0      0   1339      0    371    0    0     0     0    0  899 91  0  9  0  0  0 2025-12-22 10:55:02
 1  0      0   1339      0    371    0    0     0     0    0  618 90  0 10  0  0  0 2025-12-22 10:55:03
 1  0      0   1339      0    371    0    0     0     8    0  605 90  0 10  0  0  0 2025-12-22 10:55:04
 1  0      0   1339      0    371    0    0     0     0    0  677 90  0 10  0  0  0 2025-12-22 10:55:05
 1  0      0   1339      0    371    0    0     0     0    0   64 90  1  9  0  0  0 2025-12-22 10:55:06
 1  0      0   1339      0    371    0    0     0     0    0  115 92  0  8  0  0  0 2025-12-22 10:55:07
 1  0      0   1338      0    371    0    0     0     0    0   69 91  0  9  0  0  0 2025-12-22 10:55:08
 1  0      0   1338      0    371    0    0     0     0    0   83 91  0  9  0  0  0 2025-12-22 10:55:09
 1  0      0   1338      0    371    0    0     0     0    0  384 90  0 10  0  0  0 2025-12-22 10:55:10
 1  0      0   1336      0    372    0    0  1548     0    0 2674 91  2  7  0  0  0 2025-12-22 10:55:11
 1  0      0   1336      0    373    0    0   448     0    0 1336 90  1  9  0  0  0 2025-12-22 10:55:12
 1  0      0   1336      0    373    0    0     0     0    0 1400 91  0  9  0  0  0 2025-12-22 10:55:13
 1  0      0   1336      0    373    0    0     0     0    0 1140 91  0  9  0  0  0 2025-12-22 10:55:14
 1  0      0   1336      0    373    0    0     0     8    0 1405 91  0  9  0  0  0 2025-12-22 10:55:15
 1  0      0   1336      0    373    0    0     0     0    0 1024 90  1  9  0  0  0 2025-12-22 10:55:16
 1  0      0   1336      0    373    0    0     0     0    0 1418 91  0  9  0  0  0 2025-12-22 10:55:17
 1  0      0   1334      0    373    0    0     0     0    0 1149 91  0  9  0  0  0 2025-12-22 10:55:18
 1  0      0   1334      0    373    0    0     0     0    0 1385 91  0  9  0  0  0 2025-12-22 10:55:19
 1  0      0   1334      0    373    0    0     0     4    0   95 90  1  9  0  0  0 2025-12-22 10:55:20
 1  0      0   1334      0    373    0    0     0     0    0   98 91  0  9  0  0  0 2025-12-22 10:55:21
 1  0      0   1334      0    373    0    0     0     0    0   96 91  0  9  0  0  0 2025-12-22 10:55:22
 1  0      0   1334      0    373    0    0     0     0    0  347 91  0  9  0  0  0 2025-12-22 10:55:23
 1  0      0   1334      0    373    0    0     0     0    0  604 92  0  8  0  0  0 2025-12-22 10:55:24
 1  0      0   1334      0    373    0    0     0     0    0 1402 91  0  9  0  0  0 2025-12-22 10:55:25
 1  0      0   1334      0    373    0    0     0     0    0 1146 90  1  9  0  0  0 2025-12-22 10:55:26
 1  0      0   1334      0    373    0    0     0     0    0 1435 91  0  9  0  0  0 2025-12-22 10:55:27
 1  0      0   1700      0    373    0    0   768     0    0 1390 89  3  7  1  0  0 2025-12-22 10:55:28
