procs -----------memory---------- ---swap-- -----io---- -system-- -------cpu------- -----timestamp-----
 r  b   swpd   free   buff  cache   si   so    bi    bo   in   cs us sy id wa st gu                 UTC
 2  0      0   2828     14   1878    0    0  1094  7336    0   45 12  3 81  4  0  0 2025-12-22 10:48:08
 1  0      0   1884     14   1878    0    0   116     0    0 3423 71 20  8  1  0  0 2025-12-22 10:48:09
 1  0      0   1659     14   1878    0    0     0     0    0 3324 85  6  9  0  0  0 2025-12-22 10:48:10
 1  0      0   1547     14   1878    0    0     0     0    0 2999 88  3  9  0  0  0 2025-12-22 10:48:11
 1  0      0   1466     14   1878    0    0     0     0    0 3094 85  6  9  0  0  0 2025-12-22 10:48:12
 1  0      0   1341     14   1878    0    0     0     0    0 1361 86  5  9  0  0  0 2025-12-22 10:48:13
 1  0      0   1071     14   1878    0    0     0  4812    0  227 81 10  9  0  0  0 2025-12-22 10:48:14
 1  0      0    956     14   1878    0    0     0     0    0  122 86  5  9  0  0  0 2025-12-22 10:48:15
 1  0      0    837     14   1878    0    0     0     0    0  610 86  7  7  0  0  0 2025-12-22 10:48:16
 1  0      0    625     14   1878    0    0     0     0    0  128 82  9  9  0  0  0 2025-12-22 10:48:17
 1  0      0    507     14   1878    0    0     0     0    0  286 81 10  9  0  0  0 2025-12-22 10:48:18
 1  0      0    377     14   1878    0    0     0     0    0 2300 83  8  9  0  0  0 2025-12-22 10:48:19
 1  0      0    388     14   1878    0    0     0     0    0 2808 84  7  9  0  0  0 2025-12-22 10:48:20
 1  0      0    240     14   1878    0    0     0     0    0 2212 83  8  9  0  0  0 2025-12-22 10:48:21
 1  0      0    203     14   1878    0    0     0     0    0 1966 89  2  9  0  0  0 2025-12-22 10:48:22
 1  0      0    174     14   1878    0    0     0     0    0 2595 88  4  8  0  0  0 2025-12-22 10:48:23
 1  0      0    119     14   1878    0    0     0     0    0 2518 88  3  9  0  0  0 2025-12-22 10:48:24
 1  0      0    115     14   1795    0    0     0     0    0 2762 84  8  8  0  0  0 2025-12-22 10:48:25
 1  0      0    257     14   1795    0    0     0     0    0 2726 89  2  9  0  0  0 2025-12-22 10:48:26
 1  0      0    256     14   1795    0    0     0     0    0 2503 91  0  9  0  0  0 2025-12-22 10:48:27
 1  0      0    256     14   1795    0    0   132     0    0 2093 90  1  9  0  0  0 2025-12-22 10:48:28
 1  0      0    248     14   1795    0    0     0     0    0 3626 88  3  9  0  0  0 2025-12-22 10:48:29
 1  0      0    123     14   1795    0    0     0 31992    0 2221 88  4  8  0  0  0 2025-12-22 10:48:30
 1  0      0    221     14   1779    0    0     0     0    0  494 88  3  9  0  0  0 2025-12-22 10:48:31
 1  0      0    221     14   1779    0    0     0     0    0  115 91  0  9  0  0  0 2025-12-22 10:48:32
 1  0      0    220     14   1779    0    0     0     0    0  987 90  1  9  0  0  0 2025-12-22 10:48:33
 1  0      0    210     14   1779    0    0     0     0    0 2006 90  1  9  0  0  0 2025-12-22 10:48:34
 1  0      0    164     14   1779    0    0     0 80344    0 2330 87  7  5  1  0  0 2025-12-22 10:48:35
 1  0      0    254     14   1762    0    0    12 38312    0 2975 85  8  7  0  0  0 2025-12-22 10:48:36
 1  0      0    254     14   1762    0    0     0     0    0 2209 90  1  9  0  0  0 2025-12-22 10:48:37
 1  0      0    253     14   1762    0    0     0     0    0 1971 90  1  9  0  0  0 2025-12-22 10:48:38
 1  0      0    253     14   1762    0    0     0     0    0 2220 91  0  9  0  0  0 2025-12-22 10:48:39
 1  0      0    230     14   1762    0    0     0     0    0 2577 88  3  9  0  0  0 2025-12-22 10:48:40
 1  0      0    172     14   1762    0    0     0     0    0 2710 87  4  9  0  0  0 2025-12-22 10:48:41
 1  0      0    239     14   1762    0    0     0     0    0 2187 90  1  9  0  0  0 2025-12-22 10:48:42
 1  0      0    239     14   1762    0    0     0     0    0 2494 90  1  9  0  0  0 2025-12-22 10:48:43
 1  0      0    239     14   1762    0    0     0     0    0 2488 91  0  9  0  0  0 2025-12-22 10:48:44
 1  0      0    199     14   1762    0    0     0     0    0 2063 88  3  9  0  0  0 2025-12-22 10:48:45
 1  0      0    152     14   1762    0    0     0     0    0 2534 88  3  9  0  0  0 2025-12-22 10:48:46
 1  0      0    235     14   1762    0    0     0     0    0 2546 90  1  9  0  0  0 2025-12-22 10:48:47
 1  0      0    235     14   1762    0    0     0     0    0 2280 91  0  9  0  0  0 2025-12-22 10:48:48
 1  0      0    235     14   1762    0    0     0     0    0  410 90  1  9  0  0  0 2025-12-22 10:48:49
 1  0      0    235     14   1762    0    0     0     0    0  148 90  1  9  0  0  0 2025-12-22 10:48:50
 1  0      0    203     14   1762    0    0     0     0    0  136 87  4  9  0  0  0 2025-12-22 10:48:51
 1  0      0    237     14   1762    0    0     0     0    0  514 88  3  9  0  0  0 2025-12-22 10:48:52
 1  0      0    237     14   1762    0    0     0     0    0  655 90  1  9  0  0  0 2025-12-22 10:48:53
 1  0      0    237     14   1762    0    0     0     0    0 1423 89  1 10  0  0  0 2025-12-22 10:48:54
 1  0      0    237     14   1762    0    0     0     0    0 1146 91  0  9  0  0  0 2025-12-22 10:48:55
 1  0      0    184     14   1762    0    0     0     0    0 1957 89  4  7  0  0  0 2025-12-22 10:48:56
 1  0      0    133     14   1762    0    0     0     0    0 1263 88  3  9  0  0  0 2025-12-22 10:48:57
 1  0      0    229     14   1762    0    0     0     0    0 1755 90  1  9  0  0  0 2025-12-22 10:48:58
 1  0      0    229     14   1762    0    0     0     0    0 2020 90  1  9  0  0  0 2025-12-22 10:48:59
 1  0      0    228     14   1762    0    0     0     0    0 1405 90  1  9  0  0  0 2025-12-22 10:49:00
 1  0      0    219     14   1762    0    0     0     0    0 1492 89  2  9  0  0  0 2025-12-22 10:49:01
 1  0      0    159     14   1762    0    0     0     0    0 1463 87  3 10  0  0  0 2025-12-22 10:49:02
